\BOOKMARK [1][-]{section.1}{\376\377\000A\000l\000l\000g\000e\000m\000e\000i\000n\000e\000\040\000H\000i\000n\000w\000e\000i\000s\000e\000\040\000z\000u\000r\000\040\000N\000o\000t\000a\000t\000i\000o\000n}{}% 1
\BOOKMARK [2][-]{subsection.1.1}{\376\377\000K\000o\000o\000r\000d\000i\000n\000a\000t\000e\000n\000s\000y\000s\000t\000e\000m\000e}{section.1}% 2
\BOOKMARK [2][-]{subsection.1.2}{\376\377\000F\000e\000l\000d\000e\000r\000\040\000s\000k\000i\000z\000z\000i\000e\000r\000e\000n}{section.1}% 3
\BOOKMARK [2][-]{subsection.1.3}{\376\377\000S\000c\000h\000a\000l\000t\000k\000r\000e\000i\000s\000e\000\040\000u\000n\000d\000\040\000V\000e\000r\000s\000u\000c\000h\000s\000a\000u\000f\000b\000a\000u\000t\000e\000n}{section.1}% 4
\BOOKMARK [2][-]{subsection.1.4}{\376\377\000N\000o\000t\000a\000t\000i\000o\000n\000\040\000i\000n\000\040\000d\000e\000r\000\040\000R\000e\000c\000h\000n\000u\000n\000g}{section.1}% 5
\BOOKMARK [1][-]{section.2}{\376\377\000Q\0001\000:\000\040\000G\000r\000a\000v\000i\000a\000t\000t\000i\000o\000n}{}% 6
\BOOKMARK [2][-]{subsection.2.1}{\376\377\000E\000i\000n\000f\000\374\000h\000r\000u\000n\000g\000\040\000i\000n\000\040\000F\000e\000l\000d\000e\000r}{section.2}% 7
\BOOKMARK [2][-]{subsection.2.2}{\376\377\000D\000a\000r\000s\000t\000e\000l\000l\000u\000n\000g\000\040\000v\000o\000n\000\040\000F\000e\000l\000d\000e\000r\000n}{section.2}% 8
\BOOKMARK [2][-]{subsection.2.3}{\376\377\000I\000m\000p\000u\000l\000s\000e\000r\000h\000a\000l\000t\000u\000n\000g\000s\000s\000a\000t\000z}{section.2}% 9
\BOOKMARK [2][-]{subsection.2.4}{\376\377\000G\000r\000a\000v\000i\000t\000a\000t\000i\000o\000n}{section.2}% 10
\BOOKMARK [3][-]{subsubsection.2.4.1}{\376\377\000K\000e\000p\000l\000e\000r\000s\000c\000h\000e\000\040\000G\000e\000s\000e\000t\000z\000e}{subsection.2.4}% 11
\BOOKMARK [2][-]{subsection.2.5}{\376\377\000G\000r\000a\000v\000i\000t\000a\000t\000i\000o\000n\000s\000k\000r\000a\000f\000t\000\040\000u\000n\000d\000\040\000B\000e\000r\000e\000c\000h\000n\000u\000n\000g}{section.2}% 12
\BOOKMARK [2][-]{subsection.2.6}{\376\377\000E\000l\000e\000k\000t\000r\000i\000s\000c\000h\000e\000s\000\040\000F\000e\000l\000d}{section.2}% 13
\BOOKMARK [3][-]{subsubsection.2.6.1}{\376\377\000K\000o\000n\000d\000e\000n\000s\000a\000t\000o\000r\000e\000n}{subsection.2.6}% 14
\BOOKMARK [2][-]{subsection.2.7}{\376\377\000M\000a\000g\000n\000e\000t\000i\000s\000c\000h\000e\000s\000\040\000F\000e\000l\000d}{section.2}% 15
\BOOKMARK [1][-]{section.3}{\376\377\000Q\0002\000:\000\040\000E\000l\000e\000k\000t\000r\000o\000m\000a\000g\000n\000e\000t\000i\000s\000c\000h\000e\000\040\000W\000e\000l\000l\000e\000n}{}% 16
\BOOKMARK [2][-]{subsection.3.1}{\376\377\000E\000l\000e\000k\000t\000r\000o\000m\000a\000g\000n\000e\000t\000i\000s\000c\000h\000e\000\040\000I\000n\000d\000u\000k\000t\000i\000o\000n}{section.3}% 17
\BOOKMARK [2][-]{subsection.3.2}{\376\377\000W\000a\000h\000l\000g\000e\000b\000i\000e\000t\000\040\000W\000e\000c\000h\000s\000e\000l\000s\000t\000r\000o\000m}{section.3}% 18
\BOOKMARK [3][-]{subsubsection.3.2.1}{\376\377\000P\000h\000a\000s\000e\000n\000v\000e\000r\000s\000c\000h\000i\000e\000b\000u\000n\000g}{subsection.3.2}% 19
\BOOKMARK [3][-]{subsubsection.3.2.2}{\376\377\000W\000i\000e\000d\000e\000r\000s\000t\000\344\000n\000d\000e\000\040\000\050\000O\000h\000m\000s\000c\000h\000e\000r\000,\000\040\000K\000a\000p\000a\000z\000i\000t\000i\000v\000e\000r\000\040\000u\000n\000d\000\040\000I\000n\000d\000u\000k\000t\000i\000v\000e\000r\000\051}{subsection.3.2}% 20
\BOOKMARK [3][-]{subsubsection.3.2.3}{\376\377\000S\000c\000h\000e\000i\000n\000w\000i\000e\000e\000r\000s\000t\000a\000n\000d\000\040\000b\000e\000i\000\040\000e\000i\000n\000e\000r\000\040\000R\000e\000i\000c\000h\000e\000n\000s\000c\000h\000a\000l\000t\000u\000n\000g\000\040\000v\000o\000n\000\040\000p\000o\000h\000m\000s\000c\000h\000e\000n\000,\000\040\000k\000a\000p\000a\000z\000i\000t\000i\000v\000e\000m\000\040\000u\000n\000d\000\040\000i\000n\000d\000u\000k\000t\000i\000v\000e\000m\000\040\000W\000i\000e\000d\000e\000r\000s\000t\000a\000n\000d}{subsection.3.2}% 21
\BOOKMARK [2][-]{subsection.3.3}{\376\377\000E\000l\000e\000k\000t\000r\000o\000m\000a\000g\000n\000e\000t\000i\000s\000c\000h\000e\000\040\000S\000c\000h\000w\000i\000n\000g\000u\000n\000g\000e\000n}{section.3}% 22
\BOOKMARK [1][-]{section.4}{\376\377\000Q\0003\000:\000\040\000Q\000u\000a\000n\000t\000e\000n\000p\000h\000y\000s\000i\000k}{}% 23
\BOOKMARK [2][-]{subsection.4.1}{\376\377\000L\000a\000d\000u\000n\000g\000s\000t\000r\000\344\000g\000e\000r\000\040\000i\000n\000\040\000e\000l\000e\000k\000t\000r\000i\000s\000c\000h\000e\000n\000\040\000u\000n\000d\000\040\000m\000a\000g\000n\000e\000t\000i\000s\000c\000h\000e\000n\000\040\000F\000e\000l\000d\000e\000r\000n}{section.4}% 24
\BOOKMARK [2][-]{subsection.4.2}{\376\377\000E\000i\000g\000e\000n\000s\000c\000h\000a\000f\000t\000e\000n\000\040\000v\000o\000n\000\040\000Q\000u\000a\000n\000t\000e\000n\000o\000b\000j\000e\000k\000t\000e\000n\000\040\000N\000i\000c\000h\000t\000\040\000G\000e\000n\000e\000g\000s\000t\000a\000n\000d\000\040\000d\000e\000r\000\040\000A\000u\000f\000g\000a\000b\000e\000n\000s\000t\000e\000l\000l\000u\000n\000g\000\040\000i\000s\000t\000\040\000d\000e\000r\000\040\000C\000o\000m\000p\000t\000o\000n\000-\000E\000f\000f\000e\000k\000t}{section.4}% 25
\BOOKMARK [2][-]{subsection.4.3}{\376\377\000R\000\366\000n\000t\000g\000e\000n\000s\000t\000r\000a\000h\000l\000u\000n\000g}{section.4}% 26
\BOOKMARK [1][-]{section.5}{\376\377\000Q\0004\000:\000\040\000K\000e\000r\000n\000p\000h\000y\000s\000i\000k}{}% 27
\BOOKMARK [2][-]{subsection.5.1}{\376\377\000A\000t\000o\000m\000h\000\374\000l\000l\000e}{section.5}% 28
\BOOKMARK [2][-]{subsection.5.2}{\376\377\000A\000t\000o\000m\000k\000e\000r\000n}{section.5}% 29
\BOOKMARK [3][-]{subsubsection.5.2.1}{\376\377\000F\000u\000s\000i\000o\000n\000s\000e\000n\000e\000r\000g\000i\000e}{subsection.5.2}% 30
\BOOKMARK [3][-]{subsubsection.5.2.2}{\376\377\000E\000i\000n\000h\000e\000i\000t\000e\000n\000\040\000f\000\374\000r\000\040\000R\000a\000d\000i\000o\000a\000k\000t\000i\000v\000e\000\040\000S\000t\000r\000a\000h\000l\000u\000n\000g}{subsection.5.2}% 31
\BOOKMARK [2][-]{subsection.5.3}{\376\377\000T\000e\000r\000m\000s\000c\000h\000a\000m\000a\000t\000a\000\040\000f\000\374\000r\000\040\000K\000e\000r\000n\000u\000m\000w\000a\000n\000d\000l\000u\000n\000g}{section.5}% 32
